# JRE version: OpenJDK Runtime Environment (21.0.5) (build 21.0.5+-13047016-b750.29)
# Java VM: OpenJDK 64-Bit Server VM (21.0.5+-13047016-b750.29, mixed mode, tiered, compressed oops, compressed class ptrs, g1 gc, windows-amd64)
GC Precious Log:
 CardTable entry size: 512
 Card Set container configuration: InlinePtr #cards 5 size 8 Array Of Cards #cards 12 size 40 Howl #buckets 4 coarsen threshold 1843 Howl Bitmap #cards 512 size 80 coarsen threshold 460 Card regions per heap region 1 cards per card region 2048
 CPUs: 24 total, 24 available
 Memory: 32508M
 Large Page Support: Disabled
 NUMA Support: Disabled
 Compressed Oops: Enabled (32-bit)
 Heap Region Size: 1M
 Heap Min Capacity: 8M
 Heap Initial Capacity: 508M
 Heap Max Capacity: 2G
 Pre-touch: Disabled
 Parallel Workers: 18
 Concurrent Workers: 5
 Concurrent Refinement Workers: 18
 Periodic GC: Disabled
Heap:
 garbage-first heap   total 241664K, used 189312K [0x0000000080000000, 0x0000000100000000)
  region size 1024K, 70 young (71680K), 12 survivors (12288K)
 Metaspace       used 124271K, committed 126528K, reserved 1179648K
  class space    used 16906K, committed 18048K, reserved 1048576K
GC Heap History (20 events):
Event: 6.886 GC heap before
{Heap before GC invocations=30 (full 0):
 garbage-first heap   total 175104K, used 156923K [0x0000000080000000, 0x0000000100000000)
  region size 1024K, 67 young (68608K), 6 survivors (6144K)
 Metaspace       used 111151K, committed 113216K, reserved 1179648K
  class space    used 15146K, committed 16192K, reserved 1048576K
}
Event: 6.889 GC heap after
{Heap after GC invocations=31 (full 0):
 garbage-first heap   total 175104K, used 97854K [0x0000000080000000, 0x0000000100000000)
  region size 1024K, 6 young (6144K), 6 survivors (6144K)
 Metaspace       used 111151K, committed 113216K, reserved 1179648K
  class space    used 15146K, committed 16192K, reserved 1048576K
}
Event: 7.160 GC heap before
{Heap before GC invocations=31 (full 0):
 garbage-first heap   total 175104K, used 158270K [0x0000000080000000, 0x0000000100000000)
  region size 1024K, 65 young (66560K), 6 survivors (6144K)
 Metaspace       used 115146K, committed 117312K, reserved 1179648K
  class space    used 15693K, committed 16832K, reserved 1048576K
}
Event: 7.163 GC heap after
{Heap after GC invocations=32 (full 0):
 garbage-first heap   total 175104K, used 100725K [0x0000000080000000, 0x0000000100000000)
  region size 1024K, 8 young (8192K), 8 survivors (8192K)
 Metaspace       used 115146K, committed 117312K, reserved 1179648K
  class space    used 15693K, committed 16832K, reserved 1048576K
}
Event: 7.422 GC heap before
{Heap before GC invocations=32 (full 0):
 garbage-first heap   total 175104K, used 153973K [0x0000000080000000, 0x0000000100000000)
  region size 1024K, 61 young (62464K), 8 survivors (8192K)
 Metaspace       used 117299K, committed 119424K, reserved 1179648K
  class space    used 15999K, committed 17088K, reserved 1048576K
}
Event: 7.425 GC heap after
{Heap after GC invocations=33 (full 0):
 garbage-first heap   total 175104K, used 108128K [0x0000000080000000, 0x0000000100000000)
  region size 1024K, 8 young (8192K), 8 survivors (8192K)
 Metaspace       used 117299K, committed 119424K, reserved 1179648K
  class space    used 15999K, committed 17088K, reserved 1048576K
}
Event: 7.491 GC heap before
{Heap before GC invocations=34 (full 0):
 garbage-first heap   total 183296K, used 154208K [0x0000000080000000, 0x0000000100000000)
  region size 1024K, 54 young (55296K), 8 survivors (8192K)
 Metaspace       used 117475K, committed 119616K, reserved 1179648K
  class space    used 16042K, committed 17152K, reserved 1048576K
}
Event: 7.493 GC heap after
{Heap after GC invocations=35 (full 0):
 garbage-first heap   total 183296K, used 110596K [0x0000000080000000, 0x0000000100000000)
  region size 1024K, 5 young (5120K), 5 survivors (5120K)
 Metaspace       used 117475K, committed 119616K, reserved 1179648K
  class space    used 16042K, committed 17152K, reserved 1048576K
}
Event: 7.661 GC heap before
{Heap before GC invocations=35 (full 0):
 garbage-first heap   total 183296K, used 165892K [0x0000000080000000, 0x0000000100000000)
  region size 1024K, 60 young (61440K), 5 survivors (5120K)
 Metaspace       used 117900K, committed 120064K, reserved 1179648K
  class space    used 16108K, committed 17216K, reserved 1048576K
}
Event: 7.664 GC heap after
{Heap after GC invocations=36 (full 0):
 garbage-first heap   total 183296K, used 113195K [0x0000000080000000, 0x0000000100000000)
  region size 1024K, 8 young (8192K), 8 survivors (8192K)
 Metaspace       used 117900K, committed 120064K, reserved 1179648K
  class space    used 16108K, committed 17216K, reserved 1048576K
}
Event: 7.765 GC heap before
{Heap before GC invocations=36 (full 0):
 garbage-first heap   total 183296K, used 163371K [0x0000000080000000, 0x0000000100000000)
  region size 1024K, 58 young (59392K), 8 survivors (8192K)
 Metaspace       used 118099K, committed 120320K, reserved 1179648K
  class space    used 16131K, committed 17280K, reserved 1048576K
}
Event: 7.768 GC heap after
{Heap after GC invocations=37 (full 0):
 garbage-first heap   total 183296K, used 115861K [0x0000000080000000, 0x0000000100000000)
  region size 1024K, 6 young (6144K), 6 survivors (6144K)
 Metaspace       used 118099K, committed 120320K, reserved 1179648K
  class space    used 16131K, committed 17280K, reserved 1048576K
}
Event: 7.994 GC heap before
{Heap before GC invocations=38 (full 0):
 garbage-first heap   total 196608K, used 162965K [0x0000000080000000, 0x0000000100000000)
  region size 1024K, 53 young (54272K), 6 survivors (6144K)
 Metaspace       used 120244K, committed 122496K, reserved 1179648K
  class space    used 16388K, committed 17536K, reserved 1048576K
}
Event: 7.996 GC heap after
{Heap after GC invocations=39 (full 0):
 garbage-first heap   total 196608K, used 118851K [0x0000000080000000, 0x0000000100000000)
  region size 1024K, 5 young (5120K), 5 survivors (5120K)
 Metaspace       used 120244K, committed 122496K, reserved 1179648K
  class space    used 16388K, committed 17536K, reserved 1048576K
}
Event: 8.111 GC heap before
{Heap before GC invocations=39 (full 0):
 garbage-first heap   total 196608K, used 178243K [0x0000000080000000, 0x0000000100000000)
  region size 1024K, 64 young (65536K), 5 survivors (5120K)
 Metaspace       used 121773K, committed 123968K, reserved 1179648K
  class space    used 16593K, committed 17728K, reserved 1048576K
}
Event: 8.115 GC heap after
{Heap after GC invocations=40 (full 0):
 garbage-first heap   total 196608K, used 121716K [0x0000000080000000, 0x0000000100000000)
  region size 1024K, 6 young (6144K), 6 survivors (6144K)
 Metaspace       used 121773K, committed 123968K, reserved 1179648K
  class space    used 16593K, committed 17728K, reserved 1048576K
}
Event: 8.378 GC heap before
{Heap before GC invocations=40 (full 0):
 garbage-first heap   total 196608K, used 177012K [0x0000000080000000, 0x0000000100000000)
  region size 1024K, 61 young (62464K), 6 survivors (6144K)
 Metaspace       used 123032K, committed 125312K, reserved 1179648K
  class space    used 16796K, committed 17920K, reserved 1048576K
}
Event: 8.380 GC heap after
{Heap after GC invocations=41 (full 0):
 garbage-first heap   total 241664K, used 124335K [0x0000000080000000, 0x0000000100000000)
  region size 1024K, 5 young (5120K), 5 survivors (5120K)
 Metaspace       used 123032K, committed 125312K, reserved 1179648K
  class space    used 16796K, committed 17920K, reserved 1048576K
}
Event: 17.051 GC heap before
{Heap before GC invocations=42 (full 0):
 garbage-first heap   total 241664K, used 216495K [0x0000000080000000, 0x0000000100000000)
  region size 1024K, 95 young (97280K), 5 survivors (5120K)
 Metaspace       used 124063K, committed 126336K, reserved 1179648K
  class space    used 16893K, committed 18048K, reserved 1048576K
}
Event: 17.054 GC heap after
{Heap after GC invocations=43 (full 0):
 garbage-first heap   total 241664K, used 131968K [0x0000000080000000, 0x0000000100000000)
  region size 1024K, 12 young (12288K), 12 survivors (12288K)
 Metaspace       used 124063K, committed 126336K, reserved 1179648K
  class space    used 16893K, committed 18048K, reserved 1048576K
}

